<?xml version="1.0" encoding="UTF-8"?>
<testsuite xmlns:xsi="http://www.w3.org/2001/XMLSchema-instance" xsi:noNamespaceSchemaLocation="https://maven.apache.org/surefire/maven-surefire-plugin/xsd/surefire-test-report.xsd" name="ru.netology.domain.MultiServiceTest" time="0.043" tests="15" errors="0" skipped="0" failures="0">
  <properties>
[...]
</properties>
  <testcase name="shouldDecreaseVolumeFromAboveLimit" classname="ru.netology.domain.MultiServiceTest" time="0.021"/>
  <testcase name="shouldSetStationUpperLimit" classname="ru.netology.domain.MultiServiceTest" time="0"/>
  <testcase name="shouldSwitchDownStationFromAboveLimit" classname="ru.netology.domain.MultiServiceTest" time="0.001"/>
  <testcase name="shouldSwitchUpStation" classname="ru.netology.domain.MultiServiceTest" time="0.001"/>
  <testcase name="shouldIncreaseVolume" classname="ru.netology.domain.MultiServiceTest" time="0"/>
  <testcase name="shouldSwitchUpStationFromUnderLimit" classname="ru.netology.domain.MultiServiceTest" time="0"/>
  <testcase name="shouldSetStation" classname="ru.netology.domain.MultiServiceTest" time="0"/>
  <testcase name="shouldSwitchUpStationFromUpperLimit" classname="ru.netology.domain.MultiServiceTest" time="0"/>
  <testcase name="shouldSwitchDownStationFromUpperLimit" classname="ru.netology.domain.MultiServiceTest" time="0"/>
  <testcase name="shouldDecreaseVolume" classname="ru.netology.domain.MultiServiceTest" time="0"/>
  <testcase name="shouldSetStationLowerLimit" classname="ru.netology.domain.MultiServiceTest" time="0"/>
  <testcase name="shouldSwitchDownStation" classname="ru.netology.domain.MultiServiceTest" time="0"/>
  <testcase name="shouldDecreaseVolumeFromLowerLimit" classname="ru.netology.domain.MultiServiceTest" time="0"/>
  <testcase name="shouldIncreaseVolumeFromUnderLimit" classname="ru.netology.domain.MultiServiceTest" time="0"/>
  <testcase name="shouldIncreaseVolumeFromUpperLimit" classname="ru.netology.domain.MultiServiceTest" time="0"/>
</testsuite>